Settings:
  Output files: "/data1/ali/analysis/zrsr2/mapping/SRR1691639//tmp/segment_juncs.*.bt2"
  Line rate: 6 (line is 64 bytes)
  Lines per side: 1 (side is 64 bytes)
  Offset rate: 4 (one in 16)
  FTable chars: 10
  Strings: unpacked
  Max bucket size: default
  Max bucket size, sqrt multiplier: default
  Max bucket size, len divisor: 4
  Difference-cover sample period: 1024
  Endianness: little
  Actual local endianness: little
  Sanity checking: disabled
  Assertions: disabled
  Random seed: 0
  Sizeofs: void*:8, int:4, long:8, size_t:8
Input files DNA, FASTA:
  /data1/ali/analysis/zrsr2/mapping/SRR1691639//tmp/segment_juncs.fa
Reading reference sizes
  Time reading reference sizes: 00:00:02
Calculating joined length
Writing header
Reserving space for joined string
Joining reference sequences
  Time to join reference sequences: 00:00:02
bmax according to bmaxDivN setting: 11262712
Using parameters --bmax 8447034 --dcv 1024
  Doing ahead-of-time memory usage test
  Passed!  Constructing with these parameters: --bmax 8447034 --dcv 1024
Constructing suffix-array element generator
Building DifferenceCoverSample
  Building sPrime
  Building sPrimeOrder
  V-Sorting samples
  V-Sorting samples time: 00:00:02
  Allocating rank array
  Ranking v-sort output
  Ranking v-sort output time: 00:00:00
  Invoking Larsson-Sadakane on ranks
  Invoking Larsson-Sadakane on ranks time: 00:00:01
  Sanity-checking and returning
Building samples
Reserving space for 12 sample suffixes
Generating random suffixes
QSorting 12 sample offsets, eliminating duplicates
QSorting sample offsets, eliminating duplicates time: 00:00:00
Multikey QSorting 12 samples
  (Using difference cover)
  Multikey QSorting samples time: 00:00:00
Calculating bucket sizes
  Binary sorting into buckets
  10%
  20%
  30%
  40%
  50%
  60%
  70%
  80%
  90%
  100%
  Binary sorting into buckets time: 00:00:04
Splitting and merging
  Splitting and merging time: 00:00:00
Split 1, merged 6; iterating...
  Binary sorting into buckets
  10%
  20%
  30%
  40%
  50%
  60%
  70%
  80%
  90%
  100%
  Binary sorting into buckets time: 00:00:03
Splitting and merging
  Splitting and merging time: 00:00:00
Avg bucket size: 5.63136e+06 (target: 8447033)
Converting suffix-array elements to index image
Allocating ftab, absorbFtab
Entering Ebwt loop
Getting block 1 of 8
  Reserving size (8447034) for bucket
  Calculating Z arrays
  Calculating Z arrays time: 00:00:00
  Entering block accumulator loop:
  10%
  20%
  30%
  40%
  50%
  60%
  70%
  80%
  90%
  100%
  Block accumulator loop time: 00:00:01
  Sorting block of length 7374182
  (Using difference cover)
  Sorting block time: 00:00:07
Returning block of 7374183
Getting block 2 of 8
  Reserving size (8447034) for bucket
  Calculating Z arrays
  Calculating Z arrays time: 00:00:00
  Entering block accumulator loop:
  10%
  20%
  30%
  40%
  50%
  60%
  70%
  80%
  90%
  100%
  Block accumulator loop time: 00:00:01
  Sorting block of length 4910667
  (Using difference cover)
  Sorting block time: 00:00:04
Returning block of 4910668
Getting block 3 of 8
  Reserving size (8447034) for bucket
  Calculating Z arrays
  Calculating Z arrays time: 00:00:00
  Entering block accumulator loop:
  10%
  20%
  30%
  40%
  50%
  60%
  70%
  80%
  90%
  100%
  Block accumulator loop time: 00:00:01
  Sorting block of length 6074804
  (Using difference cover)
  Sorting block time: 00:00:06
Returning block of 6074805
Getting block 4 of 8
  Reserving size (8447034) for bucket
  Calculating Z arrays
  Calculating Z arrays time: 00:00:00
  Entering block accumulator loop:
  10%
  20%
  30%
  40%
  50%
  60%
  70%
  80%
  90%
  100%
  Block accumulator loop time: 00:00:01
  Sorting block of length 3318398
  (Using difference cover)
  Sorting block time: 00:00:03
Returning block of 3318399
Getting block 5 of 8
  Reserving size (8447034) for bucket
  Calculating Z arrays
  Calculating Z arrays time: 00:00:00
  Entering block accumulator loop:
  10%
  20%
  30%
  40%
  50%
  60%
  70%
  80%
  90%
  100%
  Block accumulator loop time: 00:00:01
  Sorting block of length 6669438
  (Using difference cover)
  Sorting block time: 00:00:06
Returning block of 6669439
Getting block 6 of 8
  Reserving size (8447034) for bucket
  Calculating Z arrays
  Calculating Z arrays time: 00:00:00
  Entering block accumulator loop:
  10%
  20%
  30%
  40%
  50%
  60%
  70%
  80%
  90%
  100%
  Block accumulator loop time: 00:00:02
  Sorting block of length 5757534
  (Using difference cover)
  Sorting block time: 00:00:05
Returning block of 5757535
Getting block 7 of 8
  Reserving size (8447034) for bucket
  Calculating Z arrays
  Calculating Z arrays time: 00:00:00
  Entering block accumulator loop:
  10%
  20%
  30%
  40%
  50%
  60%
  70%
  80%
  90%
  100%
  Block accumulator loop time: 00:00:02
  Sorting block of length 7428326
  (Using difference cover)
  Sorting block time: 00:00:06
Returning block of 7428327
Getting block 8 of 8
  Reserving size (8447034) for bucket
  Calculating Z arrays
  Calculating Z arrays time: 00:00:00
  Entering block accumulator loop:
  10%
  20%
  30%
  40%
  50%
  60%
  70%
  80%
  90%
  100%
  Block accumulator loop time: 00:00:01
  Sorting block of length 3517494
  (Using difference cover)
  Sorting block time: 00:00:03
Returning block of 3517495
Exited Ebwt loop
fchr[A]: 0
fchr[C]: 10749611
fchr[G]: 22585913
fchr[T]: 33784374
fchr[$]: 45050850
Exiting Ebwt::buildToDisk()
Returning from initFromVector
Wrote 79548180 bytes to primary EBWT file: /data1/ali/analysis/zrsr2/mapping/SRR1691639//tmp/segment_juncs.1.bt2
Wrote 11262720 bytes to secondary EBWT file: /data1/ali/analysis/zrsr2/mapping/SRR1691639//tmp/segment_juncs.2.bt2
Re-opening _in1 and _in2 as input streams
Returning from Ebwt constructor
Headers:
    len: 45050850
    bwtLen: 45050851
    sz: 11262713
    bwtSz: 11262713
    lineRate: 6
    offRate: 4
    offMask: 0xfffffff0
    ftabChars: 10
    eftabLen: 20
    eftabSz: 80
    ftabLen: 1048577
    ftabSz: 4194308
    offsLen: 2815679
    offsSz: 11262716
    lineSz: 64
    sideSz: 64
    sideBwtSz: 48
    sideBwtLen: 192
    numSides: 234640
    numLines: 234640
    ebwtTotLen: 15016960
    ebwtTotSz: 15016960
    color: 0
    reverse: 0
Total time for call to driver() for forward index: 00:01:15
Reading reference sizes
  Time reading reference sizes: 00:00:01
Calculating joined length
Writing header
Reserving space for joined string
Joining reference sequences
  Time to join reference sequences: 00:00:02
  Time to reverse reference sequence: 00:00:01
bmax according to bmaxDivN setting: 11262712
Using parameters --bmax 8447034 --dcv 1024
  Doing ahead-of-time memory usage test
  Passed!  Constructing with these parameters: --bmax 8447034 --dcv 1024
Constructing suffix-array element generator
Building DifferenceCoverSample
  Building sPrime
  Building sPrimeOrder
  V-Sorting samples
  V-Sorting samples time: 00:00:02
  Allocating rank array
  Ranking v-sort output
  Ranking v-sort output time: 00:00:01
  Invoking Larsson-Sadakane on ranks
  Invoking Larsson-Sadakane on ranks time: 00:00:00
  Sanity-checking and returning
Building samples
Reserving space for 12 sample suffixes
Generating random suffixes
QSorting 12 sample offsets, eliminating duplicates
QSorting sample offsets, eliminating duplicates time: 00:00:00
Multikey QSorting 12 samples
  (Using difference cover)
  Multikey QSorting samples time: 00:00:00
Calculating bucket sizes
  Binary sorting into buckets
  10%
  20%
  30%
  40%
  50%
  60%
  70%
  80%
  90%
  100%
  Binary sorting into buckets time: 00:00:05
Splitting and merging
  Splitting and merging time: 00:00:00
Split 1, merged 6; iterating...
  Binary sorting into buckets
  10%
  20%
  30%
  40%
  50%
  60%
  70%
  80%
  90%
  100%
  Binary sorting into buckets time: 00:00:03
Splitting and merging
  Splitting and merging time: 00:00:00
Avg bucket size: 5.63136e+06 (target: 8447033)
Converting suffix-array elements to index image
Allocating ftab, absorbFtab
Entering Ebwt loop
Getting block 1 of 8
  Reserving size (8447034) for bucket
  Calculating Z arrays
  Calculating Z arrays time: 00:00:00
  Entering block accumulator loop:
  10%
  20%
  30%
  40%
  50%
  60%
  70%
  80%
  90%
  100%
  Block accumulator loop time: 00:00:01
  Sorting block of length 1131842
  (Using difference cover)
  Sorting block time: 00:00:01
Returning block of 1131843
Getting block 2 of 8
  Reserving size (8447034) for bucket
  Calculating Z arrays
  Calculating Z arrays time: 00:00:00
  Entering block accumulator loop:
  10%
  20%
  30%
  40%
  50%
  60%
  70%
  80%
  90%
  100%
  Block accumulator loop time: 00:00:01
  Sorting block of length 8091070
  (Using difference cover)
  Sorting block time: 00:00:07
Returning block of 8091071
Getting block 3 of 8
  Reserving size (8447034) for bucket
  Calculating Z arrays
  Calculating Z arrays time: 00:00:00
  Entering block accumulator loop:
  10%
  20%
  30%
  40%
  50%
  60%
  70%
  80%
  90%
  100%
  Block accumulator loop time: 00:00:01
  Sorting block of length 1677697
  (Using difference cover)
  Sorting block time: 00:00:01
Returning block of 1677698
Getting block 4 of 8
  Reserving size (8447034) for bucket
  Calculating Z arrays
  Calculating Z arrays time: 00:00:00
  Entering block accumulator loop:
  10%
  20%
  30%
  40%
  50%
  60%
  70%
  80%
  90%
  100%
  Block accumulator loop time: 00:00:01
  Sorting block of length 8325745
  (Using difference cover)
  Sorting block time: 00:00:08
Returning block of 8325746
Getting block 5 of 8
  Reserving size (8447034) for bucket
  Calculating Z arrays
  Calculating Z arrays time: 00:00:00
  Entering block accumulator loop:
  10%
  20%
  30%
  40%
  50%
  60%
  70%
  80%
  90%
  100%
  Block accumulator loop time: 00:00:01
  Sorting block of length 7473677
  (Using difference cover)
  Sorting block time: 00:00:07
Returning block of 7473678
Getting block 6 of 8
  Reserving size (8447034) for bucket
  Calculating Z arrays
  Calculating Z arrays time: 00:00:00
  Entering block accumulator loop:
  10%
  20%
  30%
  40%
  50%
  60%
  70%
  80%
  90%
  100%
  Block accumulator loop time: 00:00:02
  Sorting block of length 8114972
  (Using difference cover)
  Sorting block time: 00:00:07
Returning block of 8114973
Getting block 7 of 8
  Reserving size (8447034) for bucket
  Calculating Z arrays
  Calculating Z arrays time: 00:00:00
  Entering block accumulator loop:
  10%
  20%
  30%
  40%
  50%
  60%
  70%
  80%
  90%
  100%
  Block accumulator loop time: 00:00:02
  Sorting block of length 6208514
  (Using difference cover)
  Sorting block time: 00:00:05
Returning block of 6208515
Getting block 8 of 8
  Reserving size (8447034) for bucket
  Calculating Z arrays
  Calculating Z arrays time: 00:00:00
  Entering block accumulator loop:
  10%
  20%
  30%
  40%
  50%
  60%
  70%
  80%
  90%
  100%
  Block accumulator loop time: 00:00:01
  Sorting block of length 4027326
  (Using difference cover)
  Sorting block time: 00:00:03
Returning block of 4027327
Exited Ebwt loop
fchr[A]: 0
fchr[C]: 10749611
fchr[G]: 22585913
fchr[T]: 33784374
fchr[$]: 45050850
Exiting Ebwt::buildToDisk()
Returning from initFromVector
Wrote 79548180 bytes to primary EBWT file: /data1/ali/analysis/zrsr2/mapping/SRR1691639//tmp/segment_juncs.rev.1.bt2
Wrote 11262720 bytes to secondary EBWT file: /data1/ali/analysis/zrsr2/mapping/SRR1691639//tmp/segment_juncs.rev.2.bt2
Re-opening _in1 and _in2 as input streams
Returning from Ebwt constructor
Headers:
    len: 45050850
    bwtLen: 45050851
    sz: 11262713
    bwtSz: 11262713
    lineRate: 6
    offRate: 4
    offMask: 0xfffffff0
    ftabChars: 10
    eftabLen: 20
    eftabSz: 80
    ftabLen: 1048577
    ftabSz: 4194308
    offsLen: 2815679
    offsSz: 11262716
    lineSz: 64
    sideSz: 64
    sideBwtSz: 48
    sideBwtLen: 192
    numSides: 234640
    numLines: 234640
    ebwtTotLen: 15016960
    ebwtTotSz: 15016960
    color: 0
    reverse: 1
Total time for backward call to driver() for mirror index: 00:01:15
