
[2015-02-02 17:45:30] Beginning TopHat run (v2.0.5)
-----------------------------------------------
[2015-02-02 17:45:30] Checking for Bowtie
		  Bowtie version:	 2.0.0.7
[2015-02-02 17:45:30] Checking for Samtools
		Samtools version:	 0.1.18.0
[2015-02-02 17:45:30] Checking for Bowtie index files
[2015-02-02 17:45:30] Checking for reference FASTA file
	Warning: Could not find FASTA file /data1/ali/software/sequencing/bowtie2/indexes/hg19NoColor/hg19.fa
[2015-02-02 17:45:30] Reconstituting reference FASTA file from Bowtie index
  Executing: /data1/ali/software/sequencing/bowtie2-2.0.0-beta7/bowtie2-inspect /data1/ali/software/sequencing/bowtie2/indexes/hg19NoColor/hg19 > /data1/ali/analysis/zrsr2/mapping/SRR1691636//tmp/hg19.fa
[2015-02-02 17:48:11] Generating SAM header for /data1/ali/software/sequencing/bowtie2/indexes/hg19NoColor/hg19
	format:		 fastq
	quality scale:	 phred33 (default)
[2015-02-02 17:48:17] Preparing reads
	 left reads: min. length=100, max. length=100, 79250784 kept reads (12234 discarded)
	right reads: min. length=100, max. length=100, 79176732 kept reads (86286 discarded)
[2015-02-02 19:20:14] Mapping left_kept_reads to genome hg19 with Bowtie2 
/data1/ali/software/sequencing/tophat-2.0.5.Linux_x86_64/bam2fastx: /lib64/libz.so.1: no version information available (required by /data1/ali/software/sequencing/tophat-2.0.5.Linux_x86_64/bam2fastx)
/data1/ali/software/sequencing/tophat-2.0.5.Linux_x86_64/fix_map_ordering: /lib64/libz.so.1: no version information available (required by /data1/ali/software/sequencing/tophat-2.0.5.Linux_x86_64/fix_map_ordering)
/data1/ali/software/sequencing/tophat-2.0.5.Linux_x86_64/bam2fastx: /lib64/libz.so.1: no version information available (required by /data1/ali/software/sequencing/tophat-2.0.5.Linux_x86_64/bam2fastx)
[2015-02-03 00:06:26] Mapping left_kept_reads_seg1 to genome hg19 with Bowtie2 (1/4)
/data1/ali/software/sequencing/tophat-2.0.5.Linux_x86_64/fix_map_ordering: /lib64/libz.so.1: no version information available (required by /data1/ali/software/sequencing/tophat-2.0.5.Linux_x86_64/fix_map_ordering)
[2015-02-03 00:44:31] Mapping left_kept_reads_seg2 to genome hg19 with Bowtie2 (2/4)
/data1/ali/software/sequencing/tophat-2.0.5.Linux_x86_64/fix_map_ordering: /lib64/libz.so.1: no version information available (required by /data1/ali/software/sequencing/tophat-2.0.5.Linux_x86_64/fix_map_ordering)
[2015-02-03 01:24:31] Mapping left_kept_reads_seg3 to genome hg19 with Bowtie2 (3/4)
/data1/ali/software/sequencing/tophat-2.0.5.Linux_x86_64/fix_map_ordering: /lib64/libz.so.1: no version information available (required by /data1/ali/software/sequencing/tophat-2.0.5.Linux_x86_64/fix_map_ordering)
[2015-02-03 02:03:46] Mapping left_kept_reads_seg4 to genome hg19 with Bowtie2 (4/4)
/data1/ali/software/sequencing/tophat-2.0.5.Linux_x86_64/fix_map_ordering: /lib64/libz.so.1: no version information available (required by /data1/ali/software/sequencing/tophat-2.0.5.Linux_x86_64/fix_map_ordering)
[2015-02-03 02:41:28] Mapping right_kept_reads to genome hg19 with Bowtie2 
/data1/ali/software/sequencing/tophat-2.0.5.Linux_x86_64/bam2fastx: /lib64/libz.so.1: no version information available (required by /data1/ali/software/sequencing/tophat-2.0.5.Linux_x86_64/bam2fastx)
/data1/ali/software/sequencing/tophat-2.0.5.Linux_x86_64/fix_map_ordering: /lib64/libz.so.1: no version information available (required by /data1/ali/software/sequencing/tophat-2.0.5.Linux_x86_64/fix_map_ordering)
/data1/ali/software/sequencing/tophat-2.0.5.Linux_x86_64/bam2fastx: /lib64/libz.so.1: no version information available (required by /data1/ali/software/sequencing/tophat-2.0.5.Linux_x86_64/bam2fastx)
[2015-02-03 07:29:53] Mapping right_kept_reads_seg1 to genome hg19 with Bowtie2 (1/4)
/data1/ali/software/sequencing/tophat-2.0.5.Linux_x86_64/fix_map_ordering: /lib64/libz.so.1: no version information available (required by /data1/ali/software/sequencing/tophat-2.0.5.Linux_x86_64/fix_map_ordering)
[2015-02-03 08:10:13] Mapping right_kept_reads_seg2 to genome hg19 with Bowtie2 (2/4)
/data1/ali/software/sequencing/tophat-2.0.5.Linux_x86_64/fix_map_ordering: /lib64/libz.so.1: no version information available (required by /data1/ali/software/sequencing/tophat-2.0.5.Linux_x86_64/fix_map_ordering)
[2015-02-03 08:51:03] Mapping right_kept_reads_seg3 to genome hg19 with Bowtie2 (3/4)
/data1/ali/software/sequencing/tophat-2.0.5.Linux_x86_64/fix_map_ordering: /lib64/libz.so.1: no version information available (required by /data1/ali/software/sequencing/tophat-2.0.5.Linux_x86_64/fix_map_ordering)
[2015-02-03 09:31:02] Mapping right_kept_reads_seg4 to genome hg19 with Bowtie2 (4/4)
/data1/ali/software/sequencing/tophat-2.0.5.Linux_x86_64/fix_map_ordering: /lib64/libz.so.1: no version information available (required by /data1/ali/software/sequencing/tophat-2.0.5.Linux_x86_64/fix_map_ordering)
[2015-02-03 10:09:18] Searching for junctions via segment mapping
[2015-02-03 12:04:36] Retrieving sequences for splices
[2015-02-03 12:07:53] Indexing splices
[2015-02-03 12:11:35] Mapping left_kept_reads_seg1 to genome segment_juncs with Bowtie2 (1/4)
/data1/ali/software/sequencing/tophat-2.0.5.Linux_x86_64/fix_map_ordering: /lib64/libz.so.1: no version information available (required by /data1/ali/software/sequencing/tophat-2.0.5.Linux_x86_64/fix_map_ordering)
[2015-02-03 12:39:49] Mapping left_kept_reads_seg2 to genome segment_juncs with Bowtie2 (2/4)
/data1/ali/software/sequencing/tophat-2.0.5.Linux_x86_64/fix_map_ordering: /lib64/libz.so.1: no version information available (required by /data1/ali/software/sequencing/tophat-2.0.5.Linux_x86_64/fix_map_ordering)
[2015-02-03 13:08:30] Mapping left_kept_reads_seg3 to genome segment_juncs with Bowtie2 (3/4)
/data1/ali/software/sequencing/tophat-2.0.5.Linux_x86_64/fix_map_ordering: /lib64/libz.so.1: no version information available (required by /data1/ali/software/sequencing/tophat-2.0.5.Linux_x86_64/fix_map_ordering)
[2015-02-03 13:37:28] Mapping left_kept_reads_seg4 to genome segment_juncs with Bowtie2 (4/4)
/data1/ali/software/sequencing/tophat-2.0.5.Linux_x86_64/fix_map_ordering: /lib64/libz.so.1: no version information available (required by /data1/ali/software/sequencing/tophat-2.0.5.Linux_x86_64/fix_map_ordering)
[2015-02-03 14:05:56] Joining segment hits
[2015-02-04 03:28:56] Mapping right_kept_reads_seg1 to genome segment_juncs with Bowtie2 (1/4)
/data1/ali/software/sequencing/tophat-2.0.5.Linux_x86_64/fix_map_ordering: /lib64/libz.so.1: no version information available (required by /data1/ali/software/sequencing/tophat-2.0.5.Linux_x86_64/fix_map_ordering)
[2015-02-04 03:56:48] Mapping right_kept_reads_seg2 to genome segment_juncs with Bowtie2 (2/4)
/data1/ali/software/sequencing/tophat-2.0.5.Linux_x86_64/fix_map_ordering: /lib64/libz.so.1: no version information available (required by /data1/ali/software/sequencing/tophat-2.0.5.Linux_x86_64/fix_map_ordering)
[2015-02-04 04:25:36] Mapping right_kept_reads_seg3 to genome segment_juncs with Bowtie2 (3/4)
/data1/ali/software/sequencing/tophat-2.0.5.Linux_x86_64/fix_map_ordering: /lib64/libz.so.1: no version information available (required by /data1/ali/software/sequencing/tophat-2.0.5.Linux_x86_64/fix_map_ordering)
[2015-02-04 04:54:00] Mapping right_kept_reads_seg4 to genome segment_juncs with Bowtie2 (4/4)
/data1/ali/software/sequencing/tophat-2.0.5.Linux_x86_64/fix_map_ordering: /lib64/libz.so.1: no version information available (required by /data1/ali/software/sequencing/tophat-2.0.5.Linux_x86_64/fix_map_ordering)
[2015-02-04 05:23:08] Joining segment hits
[2015-02-04 20:08:52] Reporting output tracks
-----------------------------------------------
[2015-02-04 23:22:52] Run complete: 2 days 05:37:22 elapsed
