Settings:
  Output files: "/data1/ali/analysis/zrsr2/mapping/SRR1691641//tmp/segment_juncs.*.bt2"
  Line rate: 6 (line is 64 bytes)
  Lines per side: 1 (side is 64 bytes)
  Offset rate: 4 (one in 16)
  FTable chars: 10
  Strings: unpacked
  Max bucket size: default
  Max bucket size, sqrt multiplier: default
  Max bucket size, len divisor: 4
  Difference-cover sample period: 1024
  Endianness: little
  Actual local endianness: little
  Sanity checking: disabled
  Assertions: disabled
  Random seed: 0
  Sizeofs: void*:8, int:4, long:8, size_t:8
Input files DNA, FASTA:
  /data1/ali/analysis/zrsr2/mapping/SRR1691641//tmp/segment_juncs.fa
Reading reference sizes
  Time reading reference sizes: 00:00:01
Calculating joined length
Writing header
Reserving space for joined string
Joining reference sequences
  Time to join reference sequences: 00:00:02
bmax according to bmaxDivN setting: 10011550
Using parameters --bmax 7508663 --dcv 1024
  Doing ahead-of-time memory usage test
  Passed!  Constructing with these parameters: --bmax 7508663 --dcv 1024
Constructing suffix-array element generator
Building DifferenceCoverSample
  Building sPrime
  Building sPrimeOrder
  V-Sorting samples
  V-Sorting samples time: 00:00:01
  Allocating rank array
  Ranking v-sort output
  Ranking v-sort output time: 00:00:01
  Invoking Larsson-Sadakane on ranks
  Invoking Larsson-Sadakane on ranks time: 00:00:00
  Sanity-checking and returning
Building samples
Reserving space for 12 sample suffixes
Generating random suffixes
QSorting 12 sample offsets, eliminating duplicates
QSorting sample offsets, eliminating duplicates time: 00:00:00
Multikey QSorting 12 samples
  (Using difference cover)
  Multikey QSorting samples time: 00:00:00
Calculating bucket sizes
  Binary sorting into buckets
  10%
  20%
  30%
  40%
  50%
  60%
  70%
  80%
  90%
  100%
  Binary sorting into buckets time: 00:00:04
Splitting and merging
  Splitting and merging time: 00:00:00
Avg bucket size: 5.72088e+06 (target: 7508662)
Converting suffix-array elements to index image
Allocating ftab, absorbFtab
Entering Ebwt loop
Getting block 1 of 7
  Reserving size (7508663) for bucket
  Calculating Z arrays
  Calculating Z arrays time: 00:00:00
  Entering block accumulator loop:
  10%
  20%
  30%
  40%
  50%
  60%
  70%
  80%
  90%
  100%
  Block accumulator loop time: 00:00:00
  Sorting block of length 6765021
  (Using difference cover)
  Sorting block time: 00:00:05
Returning block of 6765022
Getting block 2 of 7
  Reserving size (7508663) for bucket
  Calculating Z arrays
  Calculating Z arrays time: 00:00:00
  Entering block accumulator loop:
  10%
  20%
  30%
  40%
  50%
  60%
  70%
  80%
  90%
  100%
  Block accumulator loop time: 00:00:01
  Sorting block of length 3808848
  (Using difference cover)
  Sorting block time: 00:00:02
Returning block of 3808849
Getting block 3 of 7
  Reserving size (7508663) for bucket
  Calculating Z arrays
  Calculating Z arrays time: 00:00:00
  Entering block accumulator loop:
  10%
  20%
  30%
  40%
  50%
  60%
  70%
  80%
  90%
  100%
  Block accumulator loop time: 00:00:01
  Sorting block of length 5465580
  (Using difference cover)
  Sorting block time: 00:00:04
Returning block of 5465581
Getting block 4 of 7
  Reserving size (7508663) for bucket
  Calculating Z arrays
  Calculating Z arrays time: 00:00:00
  Entering block accumulator loop:
  10%
  20%
  30%
  40%
  50%
  60%
  70%
  80%
  90%
  100%
  Block accumulator loop time: 00:00:01
  Sorting block of length 6618374
  (Using difference cover)
  Sorting block time: 00:00:04
Returning block of 6618375
Getting block 5 of 7
  Reserving size (7508663) for bucket
  Calculating Z arrays
  Calculating Z arrays time: 00:00:00
  Entering block accumulator loop:
  10%
  20%
  30%
  40%
  50%
  60%
  70%
  80%
  90%
  100%
  Block accumulator loop time: 00:00:01
  Sorting block of length 6402586
  (Using difference cover)
  Sorting block time: 00:00:05
Returning block of 6402587
Getting block 6 of 7
  Reserving size (7508663) for bucket
  Calculating Z arrays
  Calculating Z arrays time: 00:00:00
  Entering block accumulator loop:
  10%
  20%
  30%
  40%
  50%
  60%
  70%
  80%
  90%
  100%
  Block accumulator loop time: 00:00:01
  Sorting block of length 5798689
  (Using difference cover)
  Sorting block time: 00:00:05
Returning block of 5798690
Getting block 7 of 7
  Reserving size (7508663) for bucket
  Calculating Z arrays
  Calculating Z arrays time: 00:00:00
  Entering block accumulator loop:
  10%
  20%
  30%
  40%
  50%
  60%
  70%
  80%
  90%
  100%
  Block accumulator loop time: 00:00:01
  Sorting block of length 5187096
  (Using difference cover)
  Sorting block time: 00:00:03
Returning block of 5187097
Exited Ebwt loop
fchr[A]: 0
fchr[C]: 9431703
fchr[G]: 20109426
fchr[T]: 30141219
fchr[$]: 40046200
Exiting Ebwt::buildToDisk()
Returning from initFromVector
Wrote 71174009 bytes to primary EBWT file: /data1/ali/analysis/zrsr2/mapping/SRR1691641//tmp/segment_juncs.1.bt2
Wrote 10011556 bytes to secondary EBWT file: /data1/ali/analysis/zrsr2/mapping/SRR1691641//tmp/segment_juncs.2.bt2
Re-opening _in1 and _in2 as input streams
Returning from Ebwt constructor
Headers:
    len: 40046200
    bwtLen: 40046201
    sz: 10011550
    bwtSz: 10011551
    lineRate: 6
    offRate: 4
    offMask: 0xfffffff0
    ftabChars: 10
    eftabLen: 20
    eftabSz: 80
    ftabLen: 1048577
    ftabSz: 4194308
    offsLen: 2502888
    offsSz: 10011552
    lineSz: 64
    sideSz: 64
    sideBwtSz: 48
    sideBwtLen: 192
    numSides: 208574
    numLines: 208574
    ebwtTotLen: 13348736
    ebwtTotSz: 13348736
    color: 0
    reverse: 0
Total time for call to driver() for forward index: 00:00:53
Reading reference sizes
  Time reading reference sizes: 00:00:01
Calculating joined length
Writing header
Reserving space for joined string
Joining reference sequences
  Time to join reference sequences: 00:00:02
  Time to reverse reference sequence: 00:00:00
bmax according to bmaxDivN setting: 10011550
Using parameters --bmax 7508663 --dcv 1024
  Doing ahead-of-time memory usage test
  Passed!  Constructing with these parameters: --bmax 7508663 --dcv 1024
Constructing suffix-array element generator
Building DifferenceCoverSample
  Building sPrime
  Building sPrimeOrder
  V-Sorting samples
  V-Sorting samples time: 00:00:02
  Allocating rank array
  Ranking v-sort output
  Ranking v-sort output time: 00:00:00
  Invoking Larsson-Sadakane on ranks
  Invoking Larsson-Sadakane on ranks time: 00:00:01
  Sanity-checking and returning
Building samples
Reserving space for 12 sample suffixes
Generating random suffixes
QSorting 12 sample offsets, eliminating duplicates
QSorting sample offsets, eliminating duplicates time: 00:00:00
Multikey QSorting 12 samples
  (Using difference cover)
  Multikey QSorting samples time: 00:00:00
Calculating bucket sizes
  Binary sorting into buckets
  10%
  20%
  30%
  40%
  50%
  60%
  70%
  80%
  90%
  100%
  Binary sorting into buckets time: 00:00:04
Splitting and merging
  Splitting and merging time: 00:00:00
Avg bucket size: 5.72088e+06 (target: 7508662)
Converting suffix-array elements to index image
Allocating ftab, absorbFtab
Entering Ebwt loop
Getting block 1 of 7
  Reserving size (7508663) for bucket
  Calculating Z arrays
  Calculating Z arrays time: 00:00:00
  Entering block accumulator loop:
  10%
  20%
  30%
  40%
  50%
  60%
  70%
  80%
  90%
  100%
  Block accumulator loop time: 00:00:00
  Sorting block of length 5937301
  (Using difference cover)
  Sorting block time: 00:00:05
Returning block of 5937302
Getting block 2 of 7
  Reserving size (7508663) for bucket
  Calculating Z arrays
  Calculating Z arrays time: 00:00:00
  Entering block accumulator loop:
  10%
  20%
  30%
  40%
  50%
  60%
  70%
  80%
  90%
  100%
  Block accumulator loop time: 00:00:01
  Sorting block of length 5656714
  (Using difference cover)
  Sorting block time: 00:00:04
Returning block of 5656715
Getting block 3 of 7
  Reserving size (7508663) for bucket
  Calculating Z arrays
  Calculating Z arrays time: 00:00:00
  Entering block accumulator loop:
  10%
  20%
  30%
  40%
  50%
  60%
  70%
  80%
  90%
  100%
  Block accumulator loop time: 00:00:01
  Sorting block of length 6706857
  (Using difference cover)
  Sorting block time: 00:00:05
Returning block of 6706858
Getting block 4 of 7
  Reserving size (7508663) for bucket
  Calculating Z arrays
  Calculating Z arrays time: 00:00:00
  Entering block accumulator loop:
  10%
  20%
  30%
  40%
  50%
  60%
  70%
  80%
  90%
  100%
  Block accumulator loop time: 00:00:02
  Sorting block of length 7417513
  (Using difference cover)
  Sorting block time: 00:00:06
Returning block of 7417514
Getting block 5 of 7
  Reserving size (7508663) for bucket
  Calculating Z arrays
  Calculating Z arrays time: 00:00:00
  Entering block accumulator loop:
  10%
  20%
  30%
  40%
  50%
  60%
  70%
  80%
  90%
  100%
  Block accumulator loop time: 00:00:01
  Sorting block of length 6787954
  (Using difference cover)
  Sorting block time: 00:00:05
Returning block of 6787955
Getting block 6 of 7
  Reserving size (7508663) for bucket
  Calculating Z arrays
  Calculating Z arrays time: 00:00:00
  Entering block accumulator loop:
  10%
  20%
  30%
  40%
  50%
  60%
  70%
  80%
  90%
  100%
  Block accumulator loop time: 00:00:01
  Sorting block of length 6792402
  (Using difference cover)
  Sorting block time: 00:00:05
Returning block of 6792403
Getting block 7 of 7
  Reserving size (7508663) for bucket
  Calculating Z arrays
  Calculating Z arrays time: 00:00:00
  Entering block accumulator loop:
  10%
  20%
  30%
  40%
  50%
  60%
  70%
  80%
  90%
  100%
  Block accumulator loop time: 00:00:00
  Sorting block of length 747453
  (Using difference cover)
  Sorting block time: 00:00:01
Returning block of 747454
Exited Ebwt loop
fchr[A]: 0
fchr[C]: 9431703
fchr[G]: 20109426
fchr[T]: 30141219
fchr[$]: 40046200
Exiting Ebwt::buildToDisk()
Returning from initFromVector
Wrote 71174009 bytes to primary EBWT file: /data1/ali/analysis/zrsr2/mapping/SRR1691641//tmp/segment_juncs.rev.1.bt2
Wrote 10011556 bytes to secondary EBWT file: /data1/ali/analysis/zrsr2/mapping/SRR1691641//tmp/segment_juncs.rev.2.bt2
Re-opening _in1 and _in2 as input streams
Returning from Ebwt constructor
Headers:
    len: 40046200
    bwtLen: 40046201
    sz: 10011550
    bwtSz: 10011551
    lineRate: 6
    offRate: 4
    offMask: 0xfffffff0
    ftabChars: 10
    eftabLen: 20
    eftabSz: 80
    ftabLen: 1048577
    ftabSz: 4194308
    offsLen: 2502888
    offsSz: 10011552
    lineSz: 64
    sideSz: 64
    sideBwtSz: 48
    sideBwtLen: 192
    numSides: 208574
    numLines: 208574
    ebwtTotLen: 13348736
    ebwtTotSz: 13348736
    color: 0
    reverse: 1
Total time for backward call to driver() for mirror index: 00:00:56
