
[2015-02-04 14:33:43] Beginning TopHat run (v2.0.5)
-----------------------------------------------
[2015-02-04 14:33:43] Checking for Bowtie
		  Bowtie version:	 2.0.0.7
[2015-02-04 14:33:43] Checking for Samtools
		Samtools version:	 0.1.18.0
[2015-02-04 14:33:43] Checking for Bowtie index files
[2015-02-04 14:33:43] Checking for reference FASTA file
	Warning: Could not find FASTA file /data1/ali/software/sequencing/bowtie2/indexes/hg19NoColor/hg19.fa
[2015-02-04 14:33:43] Reconstituting reference FASTA file from Bowtie index
  Executing: /data1/ali/software/sequencing/bowtie2-2.0.0-beta7/bowtie2-inspect /data1/ali/software/sequencing/bowtie2/indexes/hg19NoColor/hg19 > /data1/ali/analysis/zrsr2/mapping/SRR1691641//tmp/hg19.fa
[2015-02-04 14:36:20] Generating SAM header for /data1/ali/software/sequencing/bowtie2/indexes/hg19NoColor/hg19
	format:		 fastq
	quality scale:	 phred33 (default)
[2015-02-04 14:36:25] Preparing reads
	 left reads: min. length=99, max. length=99, 92082548 kept reads (4294 discarded)
	right reads: min. length=99, max. length=99, 92074688 kept reads (12154 discarded)
[2015-02-04 16:27:57] Mapping left_kept_reads to genome hg19 with Bowtie2 
/data1/ali/software/sequencing/tophat-2.0.5.Linux_x86_64/bam2fastx: /lib64/libz.so.1: no version information available (required by /data1/ali/software/sequencing/tophat-2.0.5.Linux_x86_64/bam2fastx)
/data1/ali/software/sequencing/tophat-2.0.5.Linux_x86_64/fix_map_ordering: /lib64/libz.so.1: no version information available (required by /data1/ali/software/sequencing/tophat-2.0.5.Linux_x86_64/fix_map_ordering)
/data1/ali/software/sequencing/tophat-2.0.5.Linux_x86_64/bam2fastx: /lib64/libz.so.1: no version information available (required by /data1/ali/software/sequencing/tophat-2.0.5.Linux_x86_64/bam2fastx)
[2015-02-04 21:59:13] Mapping left_kept_reads_seg1 to genome hg19 with Bowtie2 (1/4)
/data1/ali/software/sequencing/tophat-2.0.5.Linux_x86_64/fix_map_ordering: /lib64/libz.so.1: no version information available (required by /data1/ali/software/sequencing/tophat-2.0.5.Linux_x86_64/fix_map_ordering)
[2015-02-04 22:55:09] Mapping left_kept_reads_seg2 to genome hg19 with Bowtie2 (2/4)
/data1/ali/software/sequencing/tophat-2.0.5.Linux_x86_64/fix_map_ordering: /lib64/libz.so.1: no version information available (required by /data1/ali/software/sequencing/tophat-2.0.5.Linux_x86_64/fix_map_ordering)
[2015-02-04 23:53:26] Mapping left_kept_reads_seg3 to genome hg19 with Bowtie2 (3/4)
/data1/ali/software/sequencing/tophat-2.0.5.Linux_x86_64/fix_map_ordering: /lib64/libz.so.1: no version information available (required by /data1/ali/software/sequencing/tophat-2.0.5.Linux_x86_64/fix_map_ordering)
[2015-02-05 00:51:53] Mapping left_kept_reads_seg4 to genome hg19 with Bowtie2 (4/4)
/data1/ali/software/sequencing/tophat-2.0.5.Linux_x86_64/fix_map_ordering: /lib64/libz.so.1: no version information available (required by /data1/ali/software/sequencing/tophat-2.0.5.Linux_x86_64/fix_map_ordering)
[2015-02-05 01:48:21] Mapping right_kept_reads to genome hg19 with Bowtie2 
/data1/ali/software/sequencing/tophat-2.0.5.Linux_x86_64/bam2fastx: /lib64/libz.so.1: no version information available (required by /data1/ali/software/sequencing/tophat-2.0.5.Linux_x86_64/bam2fastx)
/data1/ali/software/sequencing/tophat-2.0.5.Linux_x86_64/fix_map_ordering: /lib64/libz.so.1: no version information available (required by /data1/ali/software/sequencing/tophat-2.0.5.Linux_x86_64/fix_map_ordering)
/data1/ali/software/sequencing/tophat-2.0.5.Linux_x86_64/bam2fastx: /lib64/libz.so.1: no version information available (required by /data1/ali/software/sequencing/tophat-2.0.5.Linux_x86_64/bam2fastx)
[2015-02-05 07:04:27] Mapping right_kept_reads_seg1 to genome hg19 with Bowtie2 (1/4)
/data1/ali/software/sequencing/tophat-2.0.5.Linux_x86_64/fix_map_ordering: /lib64/libz.so.1: no version information available (required by /data1/ali/software/sequencing/tophat-2.0.5.Linux_x86_64/fix_map_ordering)
[2015-02-05 07:59:49] Mapping right_kept_reads_seg2 to genome hg19 with Bowtie2 (2/4)
/data1/ali/software/sequencing/tophat-2.0.5.Linux_x86_64/fix_map_ordering: /lib64/libz.so.1: no version information available (required by /data1/ali/software/sequencing/tophat-2.0.5.Linux_x86_64/fix_map_ordering)
[2015-02-05 08:57:49] Mapping right_kept_reads_seg3 to genome hg19 with Bowtie2 (3/4)
/data1/ali/software/sequencing/tophat-2.0.5.Linux_x86_64/fix_map_ordering: /lib64/libz.so.1: no version information available (required by /data1/ali/software/sequencing/tophat-2.0.5.Linux_x86_64/fix_map_ordering)
[2015-02-05 09:55:44] Mapping right_kept_reads_seg4 to genome hg19 with Bowtie2 (4/4)
/data1/ali/software/sequencing/tophat-2.0.5.Linux_x86_64/fix_map_ordering: /lib64/libz.so.1: no version information available (required by /data1/ali/software/sequencing/tophat-2.0.5.Linux_x86_64/fix_map_ordering)
[2015-02-05 10:51:34] Searching for junctions via segment mapping
[2015-02-05 13:43:00] Retrieving sequences for splices
[2015-02-05 13:46:22] Indexing splices
[2015-02-05 13:49:53] Mapping left_kept_reads_seg1 to genome segment_juncs with Bowtie2 (1/4)
/data1/ali/software/sequencing/tophat-2.0.5.Linux_x86_64/fix_map_ordering: /lib64/libz.so.1: no version information available (required by /data1/ali/software/sequencing/tophat-2.0.5.Linux_x86_64/fix_map_ordering)
[2015-02-05 14:31:43] Mapping left_kept_reads_seg2 to genome segment_juncs with Bowtie2 (2/4)
/data1/ali/software/sequencing/tophat-2.0.5.Linux_x86_64/fix_map_ordering: /lib64/libz.so.1: no version information available (required by /data1/ali/software/sequencing/tophat-2.0.5.Linux_x86_64/fix_map_ordering)
[2015-02-05 15:14:02] Mapping left_kept_reads_seg3 to genome segment_juncs with Bowtie2 (3/4)
/data1/ali/software/sequencing/tophat-2.0.5.Linux_x86_64/fix_map_ordering: /lib64/libz.so.1: no version information available (required by /data1/ali/software/sequencing/tophat-2.0.5.Linux_x86_64/fix_map_ordering)
[2015-02-05 15:57:34] Mapping left_kept_reads_seg4 to genome segment_juncs with Bowtie2 (4/4)
/data1/ali/software/sequencing/tophat-2.0.5.Linux_x86_64/fix_map_ordering: /lib64/libz.so.1: no version information available (required by /data1/ali/software/sequencing/tophat-2.0.5.Linux_x86_64/fix_map_ordering)
[2015-02-05 16:46:58] Joining segment hits
[2015-02-06 09:33:57] Mapping right_kept_reads_seg1 to genome segment_juncs with Bowtie2 (1/4)
/data1/ali/software/sequencing/tophat-2.0.5.Linux_x86_64/fix_map_ordering: /lib64/libz.so.1: no version information available (required by /data1/ali/software/sequencing/tophat-2.0.5.Linux_x86_64/fix_map_ordering)
[2015-02-06 10:16:52] Mapping right_kept_reads_seg2 to genome segment_juncs with Bowtie2 (2/4)
/data1/ali/software/sequencing/tophat-2.0.5.Linux_x86_64/fix_map_ordering: /lib64/libz.so.1: no version information available (required by /data1/ali/software/sequencing/tophat-2.0.5.Linux_x86_64/fix_map_ordering)
[2015-02-06 10:59:15] Mapping right_kept_reads_seg3 to genome segment_juncs with Bowtie2 (3/4)
/data1/ali/software/sequencing/tophat-2.0.5.Linux_x86_64/fix_map_ordering: /lib64/libz.so.1: no version information available (required by /data1/ali/software/sequencing/tophat-2.0.5.Linux_x86_64/fix_map_ordering)
[2015-02-06 11:41:39] Mapping right_kept_reads_seg4 to genome segment_juncs with Bowtie2 (4/4)
/data1/ali/software/sequencing/tophat-2.0.5.Linux_x86_64/fix_map_ordering: /lib64/libz.so.1: no version information available (required by /data1/ali/software/sequencing/tophat-2.0.5.Linux_x86_64/fix_map_ordering)
[2015-02-06 12:26:44] Joining segment hits
[2015-02-07 03:48:07] Reporting output tracks
-----------------------------------------------
[2015-02-07 07:00:35] Run complete: 2 days 16:26:52 elapsed
