
[2015-02-06 15:01:34] Beginning TopHat run (v2.0.5)
-----------------------------------------------
[2015-02-06 15:01:34] Checking for Bowtie
		  Bowtie version:	 2.0.0.7
[2015-02-06 15:01:34] Checking for Samtools
		Samtools version:	 0.1.18.0
[2015-02-06 15:01:34] Checking for Bowtie index files
[2015-02-06 15:01:34] Checking for reference FASTA file
	Warning: Could not find FASTA file /data1/ali/software/sequencing/bowtie2/indexes/hg19NoColor/hg19.fa
[2015-02-06 15:01:34] Reconstituting reference FASTA file from Bowtie index
  Executing: /data1/ali/software/sequencing/bowtie2-2.0.0-beta7/bowtie2-inspect /data1/ali/software/sequencing/bowtie2/indexes/hg19NoColor/hg19 > /data1/ali/analysis/zrsr2/mapping/SRR1691648//tmp/hg19.fa
[2015-02-06 15:04:19] Generating SAM header for /data1/ali/software/sequencing/bowtie2/indexes/hg19NoColor/hg19
	format:		 fastq
	quality scale:	 phred33 (default)
[2015-02-06 15:04:24] Preparing reads
	 left reads: min. length=99, max. length=99, 69395173 kept reads (5266 discarded)
	right reads: min. length=99, max. length=99, 69390357 kept reads (10082 discarded)
[2015-02-06 16:32:07] Mapping left_kept_reads to genome hg19 with Bowtie2 
/data1/ali/software/sequencing/tophat-2.0.5.Linux_x86_64/bam2fastx: /lib64/libz.so.1: no version information available (required by /data1/ali/software/sequencing/tophat-2.0.5.Linux_x86_64/bam2fastx)
/data1/ali/software/sequencing/tophat-2.0.5.Linux_x86_64/fix_map_ordering: /lib64/libz.so.1: no version information available (required by /data1/ali/software/sequencing/tophat-2.0.5.Linux_x86_64/fix_map_ordering)
/data1/ali/software/sequencing/tophat-2.0.5.Linux_x86_64/bam2fastx: /lib64/libz.so.1: no version information available (required by /data1/ali/software/sequencing/tophat-2.0.5.Linux_x86_64/bam2fastx)
[2015-02-06 20:35:40] Mapping left_kept_reads_seg1 to genome hg19 with Bowtie2 (1/4)
/data1/ali/software/sequencing/tophat-2.0.5.Linux_x86_64/fix_map_ordering: /lib64/libz.so.1: no version information available (required by /data1/ali/software/sequencing/tophat-2.0.5.Linux_x86_64/fix_map_ordering)
[2015-02-06 21:12:14] Mapping left_kept_reads_seg2 to genome hg19 with Bowtie2 (2/4)
/data1/ali/software/sequencing/tophat-2.0.5.Linux_x86_64/fix_map_ordering: /lib64/libz.so.1: no version information available (required by /data1/ali/software/sequencing/tophat-2.0.5.Linux_x86_64/fix_map_ordering)
[2015-02-06 21:50:55] Mapping left_kept_reads_seg3 to genome hg19 with Bowtie2 (3/4)
/data1/ali/software/sequencing/tophat-2.0.5.Linux_x86_64/fix_map_ordering: /lib64/libz.so.1: no version information available (required by /data1/ali/software/sequencing/tophat-2.0.5.Linux_x86_64/fix_map_ordering)
[2015-02-06 22:29:17] Mapping left_kept_reads_seg4 to genome hg19 with Bowtie2 (4/4)
/data1/ali/software/sequencing/tophat-2.0.5.Linux_x86_64/fix_map_ordering: /lib64/libz.so.1: no version information available (required by /data1/ali/software/sequencing/tophat-2.0.5.Linux_x86_64/fix_map_ordering)
[2015-02-06 23:06:36] Mapping right_kept_reads to genome hg19 with Bowtie2 
/data1/ali/software/sequencing/tophat-2.0.5.Linux_x86_64/bam2fastx: /lib64/libz.so.1: no version information available (required by /data1/ali/software/sequencing/tophat-2.0.5.Linux_x86_64/bam2fastx)
/data1/ali/software/sequencing/tophat-2.0.5.Linux_x86_64/fix_map_ordering: /lib64/libz.so.1: no version information available (required by /data1/ali/software/sequencing/tophat-2.0.5.Linux_x86_64/fix_map_ordering)
/data1/ali/software/sequencing/tophat-2.0.5.Linux_x86_64/bam2fastx: /lib64/libz.so.1: no version information available (required by /data1/ali/software/sequencing/tophat-2.0.5.Linux_x86_64/bam2fastx)
[2015-02-07 02:53:25] Mapping right_kept_reads_seg1 to genome hg19 with Bowtie2 (1/4)
/data1/ali/software/sequencing/tophat-2.0.5.Linux_x86_64/fix_map_ordering: /lib64/libz.so.1: no version information available (required by /data1/ali/software/sequencing/tophat-2.0.5.Linux_x86_64/fix_map_ordering)
[2015-02-07 03:29:13] Mapping right_kept_reads_seg2 to genome hg19 with Bowtie2 (2/4)
/data1/ali/software/sequencing/tophat-2.0.5.Linux_x86_64/fix_map_ordering: /lib64/libz.so.1: no version information available (required by /data1/ali/software/sequencing/tophat-2.0.5.Linux_x86_64/fix_map_ordering)
[2015-02-07 04:06:16] Mapping right_kept_reads_seg3 to genome hg19 with Bowtie2 (3/4)
/data1/ali/software/sequencing/tophat-2.0.5.Linux_x86_64/fix_map_ordering: /lib64/libz.so.1: no version information available (required by /data1/ali/software/sequencing/tophat-2.0.5.Linux_x86_64/fix_map_ordering)
[2015-02-07 04:43:01] Mapping right_kept_reads_seg4 to genome hg19 with Bowtie2 (4/4)
/data1/ali/software/sequencing/tophat-2.0.5.Linux_x86_64/fix_map_ordering: /lib64/libz.so.1: no version information available (required by /data1/ali/software/sequencing/tophat-2.0.5.Linux_x86_64/fix_map_ordering)
[2015-02-07 05:18:58] Searching for junctions via segment mapping
[2015-02-07 07:17:59] Retrieving sequences for splices
[2015-02-07 07:21:16] Indexing splices
[2015-02-07 07:24:30] Mapping left_kept_reads_seg1 to genome segment_juncs with Bowtie2 (1/4)
/data1/ali/software/sequencing/tophat-2.0.5.Linux_x86_64/fix_map_ordering: /lib64/libz.so.1: no version information available (required by /data1/ali/software/sequencing/tophat-2.0.5.Linux_x86_64/fix_map_ordering)
[2015-02-07 07:52:17] Mapping left_kept_reads_seg2 to genome segment_juncs with Bowtie2 (2/4)
/data1/ali/software/sequencing/tophat-2.0.5.Linux_x86_64/fix_map_ordering: /lib64/libz.so.1: no version information available (required by /data1/ali/software/sequencing/tophat-2.0.5.Linux_x86_64/fix_map_ordering)
[2015-02-07 08:21:52] Mapping left_kept_reads_seg3 to genome segment_juncs with Bowtie2 (3/4)
/data1/ali/software/sequencing/tophat-2.0.5.Linux_x86_64/fix_map_ordering: /lib64/libz.so.1: no version information available (required by /data1/ali/software/sequencing/tophat-2.0.5.Linux_x86_64/fix_map_ordering)
[2015-02-07 08:49:47] Mapping left_kept_reads_seg4 to genome segment_juncs with Bowtie2 (4/4)
/data1/ali/software/sequencing/tophat-2.0.5.Linux_x86_64/fix_map_ordering: /lib64/libz.so.1: no version information available (required by /data1/ali/software/sequencing/tophat-2.0.5.Linux_x86_64/fix_map_ordering)
[2015-02-07 09:20:26] Joining segment hits
[2015-02-07 19:49:49] Mapping right_kept_reads_seg1 to genome segment_juncs with Bowtie2 (1/4)
/data1/ali/software/sequencing/tophat-2.0.5.Linux_x86_64/fix_map_ordering: /lib64/libz.so.1: no version information available (required by /data1/ali/software/sequencing/tophat-2.0.5.Linux_x86_64/fix_map_ordering)
[2015-02-07 20:19:00] Mapping right_kept_reads_seg2 to genome segment_juncs with Bowtie2 (2/4)
/data1/ali/software/sequencing/tophat-2.0.5.Linux_x86_64/fix_map_ordering: /lib64/libz.so.1: no version information available (required by /data1/ali/software/sequencing/tophat-2.0.5.Linux_x86_64/fix_map_ordering)
[2015-02-07 20:48:14] Mapping right_kept_reads_seg3 to genome segment_juncs with Bowtie2 (3/4)
/data1/ali/software/sequencing/tophat-2.0.5.Linux_x86_64/fix_map_ordering: /lib64/libz.so.1: no version information available (required by /data1/ali/software/sequencing/tophat-2.0.5.Linux_x86_64/fix_map_ordering)
[2015-02-07 21:16:08] Mapping right_kept_reads_seg4 to genome segment_juncs with Bowtie2 (4/4)
/data1/ali/software/sequencing/tophat-2.0.5.Linux_x86_64/fix_map_ordering: /lib64/libz.so.1: no version information available (required by /data1/ali/software/sequencing/tophat-2.0.5.Linux_x86_64/fix_map_ordering)
[2015-02-07 21:47:01] Joining segment hits
[2015-02-08 08:25:11] Reporting output tracks
-----------------------------------------------
[2015-02-08 10:49:03] Run complete: 1 days 19:47:28 elapsed
