Settings:
  Output files: "/data1/ali/analysis/zrsr2/mapping/SRR1691634//tmp/segment_juncs.*.bt2"
  Line rate: 6 (line is 64 bytes)
  Lines per side: 1 (side is 64 bytes)
  Offset rate: 4 (one in 16)
  FTable chars: 10
  Strings: unpacked
  Max bucket size: default
  Max bucket size, sqrt multiplier: default
  Max bucket size, len divisor: 4
  Difference-cover sample period: 1024
  Endianness: little
  Actual local endianness: little
  Sanity checking: disabled
  Assertions: disabled
  Random seed: 0
  Sizeofs: void*:8, int:4, long:8, size_t:8
Input files DNA, FASTA:
  /data1/ali/analysis/zrsr2/mapping/SRR1691634//tmp/segment_juncs.fa
Reading reference sizes
  Time reading reference sizes: 00:00:01
Calculating joined length
Writing header
Reserving space for joined string
Joining reference sequences
  Time to join reference sequences: 00:00:02
bmax according to bmaxDivN setting: 9337787
Using parameters --bmax 7003341 --dcv 1024
  Doing ahead-of-time memory usage test
  Passed!  Constructing with these parameters: --bmax 7003341 --dcv 1024
Constructing suffix-array element generator
Building DifferenceCoverSample
  Building sPrime
  Building sPrimeOrder
  V-Sorting samples
  V-Sorting samples time: 00:00:02
  Allocating rank array
  Ranking v-sort output
  Ranking v-sort output time: 00:00:00
  Invoking Larsson-Sadakane on ranks
  Invoking Larsson-Sadakane on ranks time: 00:00:01
  Sanity-checking and returning
Building samples
Reserving space for 12 sample suffixes
Generating random suffixes
QSorting 12 sample offsets, eliminating duplicates
QSorting sample offsets, eliminating duplicates time: 00:00:00
Multikey QSorting 12 samples
  (Using difference cover)
  Multikey QSorting samples time: 00:00:00
Calculating bucket sizes
  Binary sorting into buckets
  10%
  20%
  30%
  40%
  50%
  60%
  70%
  80%
  90%
  100%
  Binary sorting into buckets time: 00:00:03
Splitting and merging
  Splitting and merging time: 00:00:00
Split 2, merged 6; iterating...
  Binary sorting into buckets
  10%
  20%
  30%
  40%
  50%
  60%
  70%
  80%
  90%
  100%
  Binary sorting into buckets time: 00:00:03
Splitting and merging
  Splitting and merging time: 00:00:00
Split 1, merged 2; iterating...
  Binary sorting into buckets
  10%
  20%
  30%
  40%
  50%
  60%
  70%
  80%
  90%
  100%
  Binary sorting into buckets time: 00:00:03
Splitting and merging
  Splitting and merging time: 00:00:00
Split 1, merged 0; iterating...
  Binary sorting into buckets
  10%
  20%
  30%
  40%
  50%
  60%
  70%
  80%
  90%
  100%
  Binary sorting into buckets time: 00:00:02
Splitting and merging
  Splitting and merging time: 00:00:00
Avg bucket size: 4.66889e+06 (target: 7003340)
Converting suffix-array elements to index image
Allocating ftab, absorbFtab
Entering Ebwt loop
Getting block 1 of 8
  Reserving size (7003341) for bucket
  Calculating Z arrays
  Calculating Z arrays time: 00:00:00
  Entering block accumulator loop:
  10%
  20%
  30%
  40%
  50%
  60%
  70%
  80%
  90%
  100%
  Block accumulator loop time: 00:00:01
  Sorting block of length 4610785
  (Using difference cover)
  Sorting block time: 00:00:03
Returning block of 4610786
Getting block 2 of 8
  Reserving size (7003341) for bucket
  Calculating Z arrays
  Calculating Z arrays time: 00:00:00
  Entering block accumulator loop:
  10%
  20%
  30%
  40%
  50%
  60%
  70%
  80%
  90%
  100%
  Block accumulator loop time: 00:00:01
  Sorting block of length 3866240
  (Using difference cover)
  Sorting block time: 00:00:03
Returning block of 3866241
Getting block 3 of 8
  Reserving size (7003341) for bucket
  Calculating Z arrays
  Calculating Z arrays time: 00:00:00
  Entering block accumulator loop:
  10%
  20%
  30%
  40%
  50%
  60%
  70%
  80%
  90%
  100%
  Block accumulator loop time: 00:00:01
  Sorting block of length 6745425
  (Using difference cover)
  Sorting block time: 00:00:05
Returning block of 6745426
Getting block 4 of 8
  Reserving size (7003341) for bucket
  Calculating Z arrays
  Calculating Z arrays time: 00:00:00
  Entering block accumulator loop:
  10%
  20%
  30%
  40%
  50%
  60%
  70%
  80%
  90%
  100%
  Block accumulator loop time: 00:00:01
  Sorting block of length 5252472
  (Using difference cover)
  Sorting block time: 00:00:03
Returning block of 5252473
Getting block 5 of 8
  Reserving size (7003341) for bucket
  Calculating Z arrays
  Calculating Z arrays time: 00:00:00
  Entering block accumulator loop:
  10%
  20%
  30%
  40%
  50%
  60%
  70%
  80%
  90%
  100%
  Block accumulator loop time: 00:00:01
  Sorting block of length 5459500
  (Using difference cover)
  Sorting block time: 00:00:03
Returning block of 5459501
Getting block 6 of 8
  Reserving size (7003341) for bucket
  Calculating Z arrays
  Calculating Z arrays time: 00:00:00
  Entering block accumulator loop:
  10%
  20%
  30%
  40%
  50%
  60%
  70%
  80%
  90%
  100%
  Block accumulator loop time: 00:00:01
  Sorting block of length 3505261
  (Using difference cover)
  Sorting block time: 00:00:02
Returning block of 3505262
Getting block 7 of 8
  Reserving size (7003341) for bucket
  Calculating Z arrays
  Calculating Z arrays time: 00:00:00
  Entering block accumulator loop:
  10%
  20%
  30%
  40%
  50%
  60%
  70%
  80%
  90%
  100%
  Block accumulator loop time: 00:00:01
  Sorting block of length 5993620
  (Using difference cover)
  Sorting block time: 00:00:03
Returning block of 5993621
Getting block 8 of 8
  Reserving size (7003341) for bucket
  Calculating Z arrays
  Calculating Z arrays time: 00:00:00
  Entering block accumulator loop:
  10%
  20%
  30%
  40%
  50%
  60%
  70%
  80%
  90%
  100%
  Block accumulator loop time: 00:00:01
  Sorting block of length 1917840
  (Using difference cover)
  Sorting block time: 00:00:01
Returning block of 1917841
Exited Ebwt loop
fchr[A]: 0
fchr[C]: 9022726
fchr[G]: 18679585
fchr[T]: 27853668
fchr[$]: 37351150
Exiting Ebwt::buildToDisk()
Returning from initFromVector
Wrote 66763797 bytes to primary EBWT file: /data1/ali/analysis/zrsr2/mapping/SRR1691634//tmp/segment_juncs.1.bt2
Wrote 9337792 bytes to secondary EBWT file: /data1/ali/analysis/zrsr2/mapping/SRR1691634//tmp/segment_juncs.2.bt2
Re-opening _in1 and _in2 as input streams
Returning from Ebwt constructor
Headers:
    len: 37351150
    bwtLen: 37351151
    sz: 9337788
    bwtSz: 9337788
    lineRate: 6
    offRate: 4
    offMask: 0xfffffff0
    ftabChars: 10
    eftabLen: 20
    eftabSz: 80
    ftabLen: 1048577
    ftabSz: 4194308
    offsLen: 2334447
    offsSz: 9337788
    lineSz: 64
    sideSz: 64
    sideBwtSz: 48
    sideBwtLen: 192
    numSides: 194538
    numLines: 194538
    ebwtTotLen: 12450432
    ebwtTotSz: 12450432
    color: 0
    reverse: 0
Total time for call to driver() for forward index: 00:00:55
Reading reference sizes
  Time reading reference sizes: 00:00:01
Calculating joined length
Writing header
Reserving space for joined string
Joining reference sequences
  Time to join reference sequences: 00:00:01
  Time to reverse reference sequence: 00:00:00
bmax according to bmaxDivN setting: 9337787
Using parameters --bmax 7003341 --dcv 1024
  Doing ahead-of-time memory usage test
  Passed!  Constructing with these parameters: --bmax 7003341 --dcv 1024
Constructing suffix-array element generator
Building DifferenceCoverSample
  Building sPrime
  Building sPrimeOrder
  V-Sorting samples
  V-Sorting samples time: 00:00:01
  Allocating rank array
  Ranking v-sort output
  Ranking v-sort output time: 00:00:00
  Invoking Larsson-Sadakane on ranks
  Invoking Larsson-Sadakane on ranks time: 00:00:01
  Sanity-checking and returning
Building samples
Reserving space for 12 sample suffixes
Generating random suffixes
QSorting 12 sample offsets, eliminating duplicates
QSorting sample offsets, eliminating duplicates time: 00:00:00
Multikey QSorting 12 samples
  (Using difference cover)
  Multikey QSorting samples time: 00:00:00
Calculating bucket sizes
  Binary sorting into buckets
  10%
  20%
  30%
  40%
  50%
  60%
  70%
  80%
  90%
  100%
  Binary sorting into buckets time: 00:00:03
Splitting and merging
  Splitting and merging time: 00:00:00
Avg bucket size: 5.33588e+06 (target: 7003340)
Converting suffix-array elements to index image
Allocating ftab, absorbFtab
Entering Ebwt loop
Getting block 1 of 7
  Reserving size (7003341) for bucket
  Calculating Z arrays
  Calculating Z arrays time: 00:00:00
  Entering block accumulator loop:
  10%
  20%
  30%
  40%
  50%
  60%
  70%
  80%
  90%
  100%
  Block accumulator loop time: 00:00:01
  Sorting block of length 3927181
  (Using difference cover)
  Sorting block time: 00:00:02
Returning block of 3927182
Getting block 2 of 7
  Reserving size (7003341) for bucket
  Calculating Z arrays
  Calculating Z arrays time: 00:00:00
  Entering block accumulator loop:
  10%
  20%
  30%
  40%
  50%
  60%
  70%
  80%
  90%
  100%
  Block accumulator loop time: 00:00:00
  Sorting block of length 4138491
  (Using difference cover)
  Sorting block time: 00:00:03
Returning block of 4138492
Getting block 3 of 7
  Reserving size (7003341) for bucket
  Calculating Z arrays
  Calculating Z arrays time: 00:00:00
  Entering block accumulator loop:
  10%
  20%
  30%
  40%
  50%
  60%
  70%
  80%
  90%
  100%
  Block accumulator loop time: 00:00:00
  Sorting block of length 5923966
  (Using difference cover)
  Sorting block time: 00:00:04
Returning block of 5923967
Getting block 4 of 7
  Reserving size (7003341) for bucket
  Calculating Z arrays
  Calculating Z arrays time: 00:00:00
  Entering block accumulator loop:
  10%
  20%
  30%
  40%
  50%
  60%
  70%
  80%
  90%
  100%
  Block accumulator loop time: 00:00:01
  Sorting block of length 4349639
  (Using difference cover)
  Sorting block time: 00:00:03
Returning block of 4349640
Getting block 5 of 7
  Reserving size (7003341) for bucket
  Calculating Z arrays
  Calculating Z arrays time: 00:00:00
  Entering block accumulator loop:
  10%
  20%
  30%
  40%
  50%
  60%
  70%
  80%
  90%
  100%
  Block accumulator loop time: 00:00:01
  Sorting block of length 6031101
  (Using difference cover)
  Sorting block time: 00:00:04
Returning block of 6031102
Getting block 6 of 7
  Reserving size (7003341) for bucket
  Calculating Z arrays
  Calculating Z arrays time: 00:00:00
  Entering block accumulator loop:
  10%
  20%
  30%
  40%
  50%
  60%
  70%
  80%
  90%
  100%
  Block accumulator loop time: 00:00:01
  Sorting block of length 6074343
  (Using difference cover)
  Sorting block time: 00:00:04
Returning block of 6074344
Getting block 7 of 7
  Reserving size (7003341) for bucket
  Calculating Z arrays
  Calculating Z arrays time: 00:00:00
  Entering block accumulator loop:
  10%
  20%
  30%
  40%
  50%
  60%
  70%
  80%
  90%
  100%
  Block accumulator loop time: 00:00:01
  Sorting block of length 6906423
  (Using difference cover)
  Sorting block time: 00:00:04
Returning block of 6906424
Exited Ebwt loop
fchr[A]: 0
fchr[C]: 9022726
fchr[G]: 18679585
fchr[T]: 27853668
fchr[$]: 37351150
Exiting Ebwt::buildToDisk()
Returning from initFromVector
Wrote 66763797 bytes to primary EBWT file: /data1/ali/analysis/zrsr2/mapping/SRR1691634//tmp/segment_juncs.rev.1.bt2
Wrote 9337792 bytes to secondary EBWT file: /data1/ali/analysis/zrsr2/mapping/SRR1691634//tmp/segment_juncs.rev.2.bt2
Re-opening _in1 and _in2 as input streams
Returning from Ebwt constructor
Headers:
    len: 37351150
    bwtLen: 37351151
    sz: 9337788
    bwtSz: 9337788
    lineRate: 6
    offRate: 4
    offMask: 0xfffffff0
    ftabChars: 10
    eftabLen: 20
    eftabSz: 80
    ftabLen: 1048577
    ftabSz: 4194308
    offsLen: 2334447
    offsSz: 9337788
    lineSz: 64
    sideSz: 64
    sideBwtSz: 48
    sideBwtLen: 192
    numSides: 194538
    numLines: 194538
    ebwtTotLen: 12450432
    ebwtTotSz: 12450432
    color: 0
    reverse: 1
Total time for backward call to driver() for mirror index: 00:00:45
