/data1/ali/software/sequencing/tophat-2.0.5.Linux_x86_64/segment_juncs: /lib64/libz.so.1: no version information available (required by /data1/ali/software/sequencing/tophat-2.0.5.Linux_x86_64/segment_juncs)
segment_juncs v2.0.5 (3525M)
---------------------------
[samopen] SAM header is present: 84 sequences.
Loading reference sequences...
	Loading chr1...done
	Loading chr2...done
	Loading chr3...done
	Loading chr4...done
	Loading chr5...done
	Loading chr6...done
	Loading chr7...done
	Loading chr8...done
	Loading chr9...done
	Loading chr10...done
	Loading chr11...done
	Loading chr12...done
	Loading chr13...done
	Loading chr14...done
	Loading chr15...done
	Loading chr16...done
	Loading chr17...done
	Loading chr18...done
	Loading chr19...done
	Loading chr20...done
	Loading chr21...done
	Loading chr22...done
	Loading chrX...done
	Loading chrY...done
	Loading chrM...done
	Loading chr1_gl000191_random...done
	Loading chr1_gl000192_random...done
	Loading chr4_gl000193_random...done
	Loading chr4_gl000194_random...done
	Loading chr7_gl000195_random...done
	Loading chr8_gl000196_random...done
	Loading chr8_gl000197_random...done
	Loading chr9_gl000198_random...done
	Loading chr9_gl000199_random...done
	Loading chr9_gl000200_random...done
	Loading chr9_gl000201_random...done
	Loading chr11_gl000202_random...done
	Loading chr17_gl000203_random...done
	Loading chr17_gl000204_random...done
	Loading chr17_gl000205_random...done
	Loading chr17_gl000206_random...done
	Loading chr18_gl000207_random...done
	Loading chr19_gl000208_random...done
	Loading chr19_gl000209_random...done
	Loading chr21_gl000210_random...done
	Loading chrUn_gl000211...done
	Loading chrUn_gl000212...done
	Loading chrUn_gl000213...done
	Loading chrUn_gl000214...done
	Loading chrUn_gl000215...done
	Loading chrUn_gl000216...done
	Loading chrUn_gl000217...done
	Loading chrUn_gl000218...done
	Loading chrUn_gl000219...done
	Loading chrUn_gl000220...done
	Loading chrUn_gl000221...done
	Loading chrUn_gl000222...done
	Loading chrUn_gl000223...done
	Loading chrUn_gl000224...done
	Loading chrUn_gl000225...done
	Loading chrUn_gl000226...done
	Loading chrUn_gl000227...done
	Loading chrUn_gl000228...done
	Loading chrUn_gl000229...done
	Loading chrUn_gl000230...done
	Loading chrUn_gl000231...done
	Loading chrUn_gl000232...done
	Loading chrUn_gl000233...done
	Loading chrUn_gl000234...done
	Loading chrUn_gl000235...done
	Loading chrUn_gl000236...done
	Loading chrUn_gl000237...done
	Loading chrUn_gl000238...done
	Loading chrUn_gl000239...done
	Loading chrUn_gl000240...done
	Loading chrUn_gl000241...done
	Loading chrUn_gl000242...done
	Loading chrUn_gl000243...done
	Loading chrUn_gl000244...done
	Loading chrUn_gl000245...done
	Loading chrUn_gl000246...done
	Loading chrUn_gl000247...done
	Loading chrUn_gl000248...done
	Loading chrUn_gl000249...done
	Loading ...done
>> Performing segment-search:
Loading left segment hits...
done.
Loading right segment hits...
done.
	found 747023 potential split-segment junctions
	found 42327 potential small deletions
	found 59534 potential small insertions
Reported 747023 total potential splices
Reporting 42327 potential deletions...
Reporting 59534 potential insertions...
Reporting potential fusions...
