
[2015-02-04 14:36:44] Beginning TopHat run (v2.0.5)
-----------------------------------------------
[2015-02-04 14:36:44] Checking for Bowtie
		  Bowtie version:	 2.0.0.7
[2015-02-04 14:36:44] Checking for Samtools
		Samtools version:	 0.1.18.0
[2015-02-04 14:36:44] Checking for Bowtie index files
[2015-02-04 14:36:44] Checking for reference FASTA file
	Warning: Could not find FASTA file /data1/ali/software/sequencing/bowtie2/indexes/hg19NoColor/hg19.fa
[2015-02-04 14:36:44] Reconstituting reference FASTA file from Bowtie index
  Executing: /data1/ali/software/sequencing/bowtie2-2.0.0-beta7/bowtie2-inspect /data1/ali/software/sequencing/bowtie2/indexes/hg19NoColor/hg19 > /data1/ali/analysis/zrsr2/mapping/SRR1691642//tmp/hg19.fa
[2015-02-04 14:39:44] Generating SAM header for /data1/ali/software/sequencing/bowtie2/indexes/hg19NoColor/hg19
	format:		 fastq
	quality scale:	 phred33 (default)
[2015-02-04 14:39:49] Preparing reads
	 left reads: min. length=99, max. length=99, 76210717 kept reads (3908 discarded)
	right reads: min. length=99, max. length=99, 76204092 kept reads (10533 discarded)
[2015-02-04 16:11:12] Mapping left_kept_reads to genome hg19 with Bowtie2 
/data1/ali/software/sequencing/tophat-2.0.5.Linux_x86_64/bam2fastx: /lib64/libz.so.1: no version information available (required by /data1/ali/software/sequencing/tophat-2.0.5.Linux_x86_64/bam2fastx)
/data1/ali/software/sequencing/tophat-2.0.5.Linux_x86_64/fix_map_ordering: /lib64/libz.so.1: no version information available (required by /data1/ali/software/sequencing/tophat-2.0.5.Linux_x86_64/fix_map_ordering)
/data1/ali/software/sequencing/tophat-2.0.5.Linux_x86_64/bam2fastx: /lib64/libz.so.1: no version information available (required by /data1/ali/software/sequencing/tophat-2.0.5.Linux_x86_64/bam2fastx)
[2015-02-04 20:51:29] Mapping left_kept_reads_seg1 to genome hg19 with Bowtie2 (1/4)
/data1/ali/software/sequencing/tophat-2.0.5.Linux_x86_64/fix_map_ordering: /lib64/libz.so.1: no version information available (required by /data1/ali/software/sequencing/tophat-2.0.5.Linux_x86_64/fix_map_ordering)
[2015-02-04 21:36:34] Mapping left_kept_reads_seg2 to genome hg19 with Bowtie2 (2/4)
/data1/ali/software/sequencing/tophat-2.0.5.Linux_x86_64/fix_map_ordering: /lib64/libz.so.1: no version information available (required by /data1/ali/software/sequencing/tophat-2.0.5.Linux_x86_64/fix_map_ordering)
[2015-02-04 22:23:55] Mapping left_kept_reads_seg3 to genome hg19 with Bowtie2 (3/4)
/data1/ali/software/sequencing/tophat-2.0.5.Linux_x86_64/fix_map_ordering: /lib64/libz.so.1: no version information available (required by /data1/ali/software/sequencing/tophat-2.0.5.Linux_x86_64/fix_map_ordering)
[2015-02-04 23:10:59] Mapping left_kept_reads_seg4 to genome hg19 with Bowtie2 (4/4)
/data1/ali/software/sequencing/tophat-2.0.5.Linux_x86_64/fix_map_ordering: /lib64/libz.so.1: no version information available (required by /data1/ali/software/sequencing/tophat-2.0.5.Linux_x86_64/fix_map_ordering)
[2015-02-04 23:58:00] Mapping right_kept_reads to genome hg19 with Bowtie2 
/data1/ali/software/sequencing/tophat-2.0.5.Linux_x86_64/bam2fastx: /lib64/libz.so.1: no version information available (required by /data1/ali/software/sequencing/tophat-2.0.5.Linux_x86_64/bam2fastx)
/data1/ali/software/sequencing/tophat-2.0.5.Linux_x86_64/fix_map_ordering: /lib64/libz.so.1: no version information available (required by /data1/ali/software/sequencing/tophat-2.0.5.Linux_x86_64/fix_map_ordering)
/data1/ali/software/sequencing/tophat-2.0.5.Linux_x86_64/bam2fastx: /lib64/libz.so.1: no version information available (required by /data1/ali/software/sequencing/tophat-2.0.5.Linux_x86_64/bam2fastx)
[2015-02-05 04:31:21] Mapping right_kept_reads_seg1 to genome hg19 with Bowtie2 (1/4)
/data1/ali/software/sequencing/tophat-2.0.5.Linux_x86_64/fix_map_ordering: /lib64/libz.so.1: no version information available (required by /data1/ali/software/sequencing/tophat-2.0.5.Linux_x86_64/fix_map_ordering)
[2015-02-05 05:18:10] Mapping right_kept_reads_seg2 to genome hg19 with Bowtie2 (2/4)
/data1/ali/software/sequencing/tophat-2.0.5.Linux_x86_64/fix_map_ordering: /lib64/libz.so.1: no version information available (required by /data1/ali/software/sequencing/tophat-2.0.5.Linux_x86_64/fix_map_ordering)
[2015-02-05 06:05:45] Mapping right_kept_reads_seg3 to genome hg19 with Bowtie2 (3/4)
/data1/ali/software/sequencing/tophat-2.0.5.Linux_x86_64/fix_map_ordering: /lib64/libz.so.1: no version information available (required by /data1/ali/software/sequencing/tophat-2.0.5.Linux_x86_64/fix_map_ordering)
[2015-02-05 06:51:17] Mapping right_kept_reads_seg4 to genome hg19 with Bowtie2 (4/4)
/data1/ali/software/sequencing/tophat-2.0.5.Linux_x86_64/fix_map_ordering: /lib64/libz.so.1: no version information available (required by /data1/ali/software/sequencing/tophat-2.0.5.Linux_x86_64/fix_map_ordering)
[2015-02-05 07:37:24] Searching for junctions via segment mapping
[2015-02-05 10:12:33] Retrieving sequences for splices
[2015-02-05 10:16:06] Indexing splices
[2015-02-05 10:20:11] Mapping left_kept_reads_seg1 to genome segment_juncs with Bowtie2 (1/4)
/data1/ali/software/sequencing/tophat-2.0.5.Linux_x86_64/fix_map_ordering: /lib64/libz.so.1: no version information available (required by /data1/ali/software/sequencing/tophat-2.0.5.Linux_x86_64/fix_map_ordering)
[2015-02-05 10:56:43] Mapping left_kept_reads_seg2 to genome segment_juncs with Bowtie2 (2/4)
/data1/ali/software/sequencing/tophat-2.0.5.Linux_x86_64/fix_map_ordering: /lib64/libz.so.1: no version information available (required by /data1/ali/software/sequencing/tophat-2.0.5.Linux_x86_64/fix_map_ordering)
[2015-02-05 11:31:10] Mapping left_kept_reads_seg3 to genome segment_juncs with Bowtie2 (3/4)
/data1/ali/software/sequencing/tophat-2.0.5.Linux_x86_64/fix_map_ordering: /lib64/libz.so.1: no version information available (required by /data1/ali/software/sequencing/tophat-2.0.5.Linux_x86_64/fix_map_ordering)
[2015-02-05 12:06:00] Mapping left_kept_reads_seg4 to genome segment_juncs with Bowtie2 (4/4)
/data1/ali/software/sequencing/tophat-2.0.5.Linux_x86_64/fix_map_ordering: /lib64/libz.so.1: no version information available (required by /data1/ali/software/sequencing/tophat-2.0.5.Linux_x86_64/fix_map_ordering)
[2015-02-05 12:42:43] Joining segment hits
[2015-02-06 05:12:34] Mapping right_kept_reads_seg1 to genome segment_juncs with Bowtie2 (1/4)
/data1/ali/software/sequencing/tophat-2.0.5.Linux_x86_64/fix_map_ordering: /lib64/libz.so.1: no version information available (required by /data1/ali/software/sequencing/tophat-2.0.5.Linux_x86_64/fix_map_ordering)
[2015-02-06 05:47:38] Mapping right_kept_reads_seg2 to genome segment_juncs with Bowtie2 (2/4)
/data1/ali/software/sequencing/tophat-2.0.5.Linux_x86_64/fix_map_ordering: /lib64/libz.so.1: no version information available (required by /data1/ali/software/sequencing/tophat-2.0.5.Linux_x86_64/fix_map_ordering)
[2015-02-06 06:20:41] Mapping right_kept_reads_seg3 to genome segment_juncs with Bowtie2 (3/4)
/data1/ali/software/sequencing/tophat-2.0.5.Linux_x86_64/fix_map_ordering: /lib64/libz.so.1: no version information available (required by /data1/ali/software/sequencing/tophat-2.0.5.Linux_x86_64/fix_map_ordering)
[2015-02-06 06:54:20] Mapping right_kept_reads_seg4 to genome segment_juncs with Bowtie2 (4/4)
/data1/ali/software/sequencing/tophat-2.0.5.Linux_x86_64/fix_map_ordering: /lib64/libz.so.1: no version information available (required by /data1/ali/software/sequencing/tophat-2.0.5.Linux_x86_64/fix_map_ordering)
[2015-02-06 07:28:14] Joining segment hits
[2015-02-06 22:55:51] Reporting output tracks
-----------------------------------------------
[2015-02-07 01:50:01] Run complete: 2 days 11:13:16 elapsed
